#
# There is insufficient memory for the Java Runtime Environment to continue.
# Native memory allocation (malloc) failed to allocate 1048576 bytes. Error detail: AllocateHeap
# Possible reasons:
#   The system is out of physical RAM or swap space
#   This process is running with CompressedOops enabled, and the Java Heap may be blocking the growth of the native heap
# Possible solutions:
#   Reduce memory load on the system
#   Increase physical memory or swap space
#   Check if swap backing store is full
#   Decrease Java heap size (-Xmx/-Xms)
#   Decrease number of Java threads
#   Decrease Java thread stack sizes (-Xss)
#   Set larger code cache with -XX:ReservedCodeCacheSize=
#   JVM is running with Unscaled Compressed Oops mode in which the Java heap is
#     placed in the first 4GB address space. The Java Heap base address is the
#     maximum limit for the native heap growth. Please use -XX:HeapBaseMinAddress
#     to set the Java Heap base and to place the Java Heap above 4GB virtual address.
# This output file may be truncated or incomplete.
#
#  Out of Memory Error (allocation.cpp:44), pid=21248, tid=11420
#
# JRE version:  (21.0.8+9) (build )
# Java VM: OpenJDK 64-Bit Server VM (21.0.8+9-LTS, mixed mode, sharing, tiered, compressed oops, compressed class ptrs, parallel gc, windows-amd64)
# No core dump will be written. Minidumps are not enabled by default on client versions of Windows
#

---------------  S U M M A R Y ------------

Command Line: --add-modules=ALL-SYSTEM --add-opens=java.base/java.util=ALL-UNNAMED --add-opens=java.base/java.lang=ALL-UNNAMED --add-opens=java.base/sun.nio.fs=ALL-UNNAMED -Declipse.application=org.eclipse.jdt.ls.core.id1 -Dosgi.bundles.defaultStartLevel=4 -Declipse.product=org.eclipse.jdt.ls.core.product -Djava.import.generatesMetadataFilesAtProjectRoot=false -DDetectVMInstallationsJob.disabled=true -Dfile.encoding=utf8 -XX:+UseParallelGC -XX:GCTimeRatio=4 -XX:AdaptiveSizePolicyWeight=90 -Dsun.zip.disableMemoryMapping=true -Xmx2G -Xms100m -Xlog:disable -javaagent:c:\Users\levia\.vscode\extensions\redhat.java-1.44.0-win32-x64\lombok\lombok-1.18.39-4050.jar -XX:+HeapDumpOnOutOfMemoryError -XX:HeapDumpPath=c:\Users\levia\AppData\Roaming\Code\User\workspaceStorage\3f6fe7660d3ac08c5c79eeefc08592fb\redhat.java -Daether.dependencyCollector.impl=bf c:\Users\levia\.vscode\extensions\redhat.java-1.44.0-win32-x64\server\plugins\org.eclipse.equinox.launcher_1.7.0.v20250519-0528.jar -configuration c:\Users\levia\AppData\Roaming\Code\User\globalStorage\redhat.java\1.44.0\config_win -data c:\Users\levia\AppData\Roaming\Code\User\workspaceStorage\3f6fe7660d3ac08c5c79eeefc08592fb\redhat.java\jdt_ws --pipe=\\.\pipe\lsp-89cca8d2628d4a5207563adf466d3cb4-sock

Host: AMD Ryzen 7 5700G with Radeon Graphics         , 16 cores, 11G,  Windows 11 , 64 bit Build 26100 (10.0.26100.4768)
Time: Sat Aug 23 23:27:46 2025 Bangladesh Standard Time elapsed time: 0.494031 seconds (0d 0h 0m 0s)

---------------  T H R E A D  ---------------

Current thread (0x0000023c11a7bf70):  JavaThread "Unknown thread" [_thread_in_vm, id=11420, stack(0x000000b587b00000,0x000000b587c00000) (1024K)]

Stack: [0x000000b587b00000,0x000000b587c00000]
Native frames: (J=compiled Java code, j=interpreted, Vv=VM code, C=native code)
V  [jvm.dll+0x6d2449]
V  [jvm.dll+0x8ae341]
V  [jvm.dll+0x8b08be]
V  [jvm.dll+0x8b0fa3]
V  [jvm.dll+0x280c96]
V  [jvm.dll+0xc0347]
V  [jvm.dll+0x706540]
V  [jvm.dll+0x7070ac]
V  [jvm.dll+0x6e0f43]
V  [jvm.dll+0x877c7c]
V  [jvm.dll+0x3becec]
V  [jvm.dll+0x8606d8]
V  [jvm.dll+0x4530ee]
V  [jvm.dll+0x454d31]
C  [jli.dll+0x5278]
C  [ucrtbase.dll+0x37b0]
C  [KERNEL32.DLL+0x2e8d7]
C  [ntdll.dll+0x3c34c]


---------------  P R O C E S S  ---------------

Threads class SMR info:
_java_thread_list=0x0000023c11aa6440, length=1, elements={
0x0000023c11a7bf70
}

Java Threads: ( => current thread )
=>0x0000023c11a7bf70 JavaThread "Unknown thread"             [_thread_in_vm, id=11420, stack(0x000000b587b00000,0x000000b587c00000) (1024K)]
Total: 1

Other Threads:
  0x0000023c1190ca00 WatcherThread "VM Periodic Task Thread"        [id=24484, stack(0x000000b587d00000,0x000000b587e00000) (1024K)]
  0x0000023c11a9b540 WorkerThread "GC Thread#0"                     [id=24516, stack(0x000000b587c00000,0x000000b587d00000) (1024K)]
Total: 2

Threads with active compile tasks:
Total: 0

VM state: not at safepoint (normal execution)

VM Mutex/Monitor currently owned by a thread: None

Heap address: 0x0000000080000000, size: 2048 MB, Compressed Oops mode: 32-bit

CDS archive(s) mapped at: [0x0000023c29000000-0x0000023c29ba0000-0x0000023c29ba0000), size 12189696, SharedBaseAddress: 0x0000023c29000000, ArchiveRelocationMode: 1.
Compressed class space mapped at: 0x0000023c2a000000-0x0000023c6a000000, reserved size: 1073741824
Narrow klass base: 0x0000023c29000000, Narrow klass shift: 0, Narrow klass range: 0x100000000

GC Precious Log:
 CardTable entry size: 512
 CPUs: 16 total, 16 available
 Memory: 12154M
 Large Page Support: Disabled
 NUMA Support: Disabled
 Compressed Oops: Enabled (32-bit)
 Alignments: Space 512K, Generation 512K, Heap 2M
 Heap Min Capacity: 100M
 Heap Initial Capacity: 100M
 Heap Max Capacity: 2G
 Pre-touch: Disabled
 Parallel Workers: 13

Heap:
 PSYoungGen      total 29696K, used 512K [0x00000000d5580000, 0x00000000d7680000, 0x0000000100000000)
  eden space 25600K, 2% used [0x00000000d5580000,0x00000000d5600020,0x00000000d6e80000)
  from space 4096K, 0% used [0x00000000d7280000,0x00000000d7280000,0x00000000d7680000)
  to   space 4096K, 0% used [0x00000000d6e80000,0x00000000d6e80000,0x00000000d7280000)
 ParOldGen       total 68608K, used 0K [0x0000000080000000, 0x0000000084300000, 0x00000000d5580000)
  object space 68608K, 0% used [0x0000000080000000,0x0000000080000000,0x0000000084300000)
 Metaspace       used 0K, committed 0K, reserved 1048576K
  class space    used 0K, committed 0K, reserved 1048576K

Card table byte_map: [0x0000023c11420000,0x0000023c11830000] _byte_map_base: 0x0000023c11020000

Marking Bits: (ParMarkBitMap*) 0x00007ff8fce5a340
 Begin Bits: [0x0000023c23f20000, 0x0000023c25f20000)
 End Bits:   [0x0000023c25f20000, 0x0000023c27f20000)

Polling page: 0x0000023c0f890000

Metaspace:

Usage:
  Non-class:      0 bytes used.
      Class:      0 bytes used.
       Both:      0 bytes used.

Virtual space:
  Non-class space:        0 bytes reserved,       0 bytes (  ?%) committed,  0 nodes.
      Class space:        1.00 GB reserved,       0 bytes (  0%) committed,  1 nodes.
             Both:        1.00 GB reserved,       0 bytes (  0%) committed. 

Chunk freelists:
   Non-Class:  0 bytes
       Class:  16.00 MB
        Both:  16.00 MB

MaxMetaspaceSize: unlimited
CompressedClassSpaceSize: 1.00 GB
Initial GC threshold: 21.00 MB
Current GC threshold: 17179869184.00 GB
CDS: on
 - commit_granule_bytes: 65536.
 - commit_granule_words: 8192.
 - virtual_space_node_default_size: 8388608.
 - enlarge_chunks_in_place: 1.
 - use_allocation_guard: 0.


Internal statistics:

num_allocs_failed_limit: 0.
num_arena_births: 0.
num_arena_deaths: 0.
num_vsnodes_births: 1.
num_vsnodes_deaths: 0.
num_space_committed: 0.
num_space_uncommitted: 0.
num_chunks_returned_to_freelist: 0.
num_chunks_taken_from_freelist: 1.
num_chunk_merges: 0.
num_chunk_splits: 1.
num_chunks_enlarged: 0.
num_inconsistent_stats: 0.

CodeHeap 'non-profiled nmethods': size=119168Kb used=0Kb max_used=0Kb free=119168Kb
 bounds [0x0000023c1c810000, 0x0000023c1ca80000, 0x0000023c23c70000]
CodeHeap 'profiled nmethods': size=119104Kb used=0Kb max_used=0Kb free=119104Kb
 bounds [0x0000023c14c70000, 0x0000023c14ee0000, 0x0000023c1c0c0000]
CodeHeap 'non-nmethods': size=7488Kb used=194Kb max_used=342Kb free=7293Kb
 bounds [0x0000023c1c0c0000, 0x0000023c1c330000, 0x0000023c1c810000]
CodeCache: size=245760Kb, used=194Kb, max_used=342Kb, free=245565Kb
 total_blobs=70, nmethods=0, adapters=48, full_count=0
Compilation: enabled, stopped_count=0, restarted_count=0

Compilation events (0 events):
No events

GC Heap History (0 events):
No events

Dll operation events (1 events):
Event: 0.008 Loaded shared library c:\Users\levia\.vscode\extensions\redhat.java-1.44.0-win32-x64\jre\21.0.8-win32-x86_64\bin\java.dll

Deoptimization events (0 events):
No events

Classes loaded (0 events):
No events

Classes unloaded (0 events):
No events

Classes redefined (0 events):
No events

Internal exceptions (0 events):
No events

ZGC Phase Switch (0 events):
No events

VM Operations (0 events):
No events

Memory protections (0 events):
No events

Nmethod flushes (0 events):
No events

Events (1 events):
Event: 0.144 Thread 0x0000023c11a7bf70 Thread added: 0x0000023c11a7bf70


Dynamic libraries:
0x00007ff731c10000 - 0x00007ff731c1e000 	c:\Users\levia\.vscode\extensions\redhat.java-1.44.0-win32-x64\jre\21.0.8-win32-x86_64\bin\java.exe
0x00007ff9a2120000 - 0x00007ff9a2387000 	C:\WINDOWS\SYSTEM32\ntdll.dll
0x00007ff9a0380000 - 0x00007ff9a0449000 	C:\WINDOWS\System32\KERNEL32.DLL
0x00007ff99fab0000 - 0x00007ff99fea0000 	C:\WINDOWS\System32\KERNELBASE.dll
0x00007ff99f600000 - 0x00007ff99f74b000 	C:\WINDOWS\System32\ucrtbase.dll
0x00007ff996fe0000 - 0x00007ff996ffe000 	c:\Users\levia\.vscode\extensions\redhat.java-1.44.0-win32-x64\jre\21.0.8-win32-x86_64\bin\VCRUNTIME140.dll
0x00007ff990800000 - 0x00007ff990818000 	c:\Users\levia\.vscode\extensions\redhat.java-1.44.0-win32-x64\jre\21.0.8-win32-x86_64\bin\jli.dll
0x00007ff99feb0000 - 0x00007ff9a0075000 	C:\WINDOWS\System32\USER32.dll
0x00007ff98d320000 - 0x00007ff98d5ba000 	C:\WINDOWS\WinSxS\amd64_microsoft.windows.common-controls_6595b64144ccf1df_6.0.26100.4768_none_3e0c112ce331287c\COMCTL32.dll
0x00007ff99f480000 - 0x00007ff99f4a7000 	C:\WINDOWS\System32\win32u.dll
0x00007ff9a0700000 - 0x00007ff9a07a9000 	C:\WINDOWS\System32\msvcrt.dll
0x00007ff9a0350000 - 0x00007ff9a037b000 	C:\WINDOWS\System32\GDI32.dll
0x00007ff99f750000 - 0x00007ff99f888000 	C:\WINDOWS\System32\gdi32full.dll
0x00007ff99f250000 - 0x00007ff99f2f3000 	C:\WINDOWS\System32\msvcp_win.dll
0x00007ff9a05f0000 - 0x00007ff9a061f000 	C:\WINDOWS\System32\IMM32.DLL
0x00007ff9994c0000 - 0x00007ff9994cc000 	c:\Users\levia\.vscode\extensions\redhat.java-1.44.0-win32-x64\jre\21.0.8-win32-x86_64\bin\vcruntime140_1.dll
0x00007ff990770000 - 0x00007ff9907fd000 	c:\Users\levia\.vscode\extensions\redhat.java-1.44.0-win32-x64\jre\21.0.8-win32-x86_64\bin\msvcp140.dll
0x00007ff8fc1a0000 - 0x00007ff8fcf37000 	c:\Users\levia\.vscode\extensions\redhat.java-1.44.0-win32-x64\jre\21.0.8-win32-x86_64\bin\server\jvm.dll
0x00007ff9a0640000 - 0x00007ff9a06f4000 	C:\WINDOWS\System32\ADVAPI32.dll
0x00007ff9a2020000 - 0x00007ff9a20c6000 	C:\WINDOWS\System32\sechost.dll
0x00007ff9a01b0000 - 0x00007ff9a02c8000 	C:\WINDOWS\System32\RPCRT4.dll
0x00007ff9a02d0000 - 0x00007ff9a0344000 	C:\WINDOWS\System32\WS2_32.dll
0x00007ff99f0b0000 - 0x00007ff99f10e000 	C:\WINDOWS\SYSTEM32\POWRPROF.dll
0x00007ff997700000 - 0x00007ff997735000 	C:\WINDOWS\SYSTEM32\WINMM.dll
0x00007ff997d50000 - 0x00007ff997d5b000 	C:\WINDOWS\SYSTEM32\VERSION.dll
0x00007ff99f090000 - 0x00007ff99f0a4000 	C:\WINDOWS\SYSTEM32\UMPDC.dll
0x00007ff99dfd0000 - 0x00007ff99dfeb000 	C:\WINDOWS\SYSTEM32\kernel.appcore.dll
0x00007ff999060000 - 0x00007ff99906a000 	c:\Users\levia\.vscode\extensions\redhat.java-1.44.0-win32-x64\jre\21.0.8-win32-x86_64\bin\jimage.dll
0x00007ff996420000 - 0x00007ff996661000 	C:\WINDOWS\SYSTEM32\DBGHELP.DLL
0x00007ff9a12e0000 - 0x00007ff9a1665000 	C:\WINDOWS\System32\combase.dll
0x00007ff9a1f30000 - 0x00007ff9a2010000 	C:\WINDOWS\System32\OLEAUT32.dll
0x00007ff98afe0000 - 0x00007ff98b023000 	C:\WINDOWS\SYSTEM32\dbgcore.DLL
0x00007ff99f890000 - 0x00007ff99f929000 	C:\WINDOWS\System32\bcryptPrimitives.dll
0x00007ff991370000 - 0x00007ff99137f000 	c:\Users\levia\.vscode\extensions\redhat.java-1.44.0-win32-x64\jre\21.0.8-win32-x86_64\bin\instrument.dll
0x00007ff97e9b0000 - 0x00007ff97e9cf000 	c:\Users\levia\.vscode\extensions\redhat.java-1.44.0-win32-x64\jre\21.0.8-win32-x86_64\bin\java.dll

JVMTI agents:
c:\Users\levia\.vscode\extensions\redhat.java-1.44.0-win32-x64\lombok\lombok-1.18.39-4050.jar path:none, loaded, not initialized, instrumentlib options:none

dbghelp: loaded successfully - version: 4.0.5 - missing functions: none
symbol engine: initialized successfully - sym options: 0x614 - pdb path: .;c:\Users\levia\.vscode\extensions\redhat.java-1.44.0-win32-x64\jre\21.0.8-win32-x86_64\bin;C:\WINDOWS\SYSTEM32;C:\WINDOWS\WinSxS\amd64_microsoft.windows.common-controls_6595b64144ccf1df_6.0.26100.4768_none_3e0c112ce331287c;c:\Users\levia\.vscode\extensions\redhat.java-1.44.0-win32-x64\jre\21.0.8-win32-x86_64\bin\server

VM Arguments:
jvm_args: --add-modules=ALL-SYSTEM --add-opens=java.base/java.util=ALL-UNNAMED --add-opens=java.base/java.lang=ALL-UNNAMED --add-opens=java.base/sun.nio.fs=ALL-UNNAMED -Declipse.application=org.eclipse.jdt.ls.core.id1 -Dosgi.bundles.defaultStartLevel=4 -Declipse.product=org.eclipse.jdt.ls.core.product -Djava.import.generatesMetadataFilesAtProjectRoot=false -DDetectVMInstallationsJob.disabled=true -Dfile.encoding=utf8 -XX:+UseParallelGC -XX:GCTimeRatio=4 -XX:AdaptiveSizePolicyWeight=90 -Dsun.zip.disableMemoryMapping=true -Xmx2G -Xms100m -Xlog:disable -javaagent:c:\Users\levia\.vscode\extensions\redhat.java-1.44.0-win32-x64\lombok\lombok-1.18.39-4050.jar -XX:+HeapDumpOnOutOfMemoryError -XX:HeapDumpPath=c:\Users\levia\AppData\Roaming\Code\User\workspaceStorage\3f6fe7660d3ac08c5c79eeefc08592fb\redhat.java -Daether.dependencyCollector.impl=bf 
java_command: c:\Users\levia\.vscode\extensions\redhat.java-1.44.0-win32-x64\server\plugins\org.eclipse.equinox.launcher_1.7.0.v20250519-0528.jar -configuration c:\Users\levia\AppData\Roaming\Code\User\globalStorage\redhat.java\1.44.0\config_win -data c:\Users\levia\AppData\Roaming\Code\User\workspaceStorage\3f6fe7660d3ac08c5c79eeefc08592fb\redhat.java\jdt_ws --pipe=\\.\pipe\lsp-89cca8d2628d4a5207563adf466d3cb4-sock
java_class_path (initial): c:\Users\levia\.vscode\extensions\redhat.java-1.44.0-win32-x64\server\plugins\org.eclipse.equinox.launcher_1.7.0.v20250519-0528.jar
Launcher Type: SUN_STANDARD

[Global flags]
    uintx AdaptiveSizePolicyWeight                 = 90                                        {product} {command line}
     intx CICompilerCount                          = 12                                        {product} {ergonomic}
    uintx GCTimeRatio                              = 4                                         {product} {command line}
     bool HeapDumpOnOutOfMemoryError               = true                                   {manageable} {command line}
    ccstr HeapDumpPath                             = c:\Users\levia\AppData\Roaming\Code\User\workspaceStorage\3f6fe7660d3ac08c5c79eeefc08592fb\redhat.java         {manageable} {command line}
   size_t InitialHeapSize                          = 104857600                                 {product} {command line}
   size_t MaxHeapSize                              = 2147483648                                {product} {command line}
   size_t MaxNewSize                               = 715653120                                 {product} {ergonomic}
   size_t MinHeapDeltaBytes                        = 524288                                    {product} {ergonomic}
   size_t MinHeapSize                              = 104857600                                 {product} {command line}
   size_t NewSize                                  = 34603008                                  {product} {ergonomic}
    uintx NonNMethodCodeHeapSize                   = 7602480                                {pd product} {ergonomic}
    uintx NonProfiledCodeHeapSize                  = 122027880                              {pd product} {ergonomic}
   size_t OldSize                                  = 70254592                                  {product} {ergonomic}
    uintx ProfiledCodeHeapSize                     = 122027880                              {pd product} {ergonomic}
    uintx ReservedCodeCacheSize                    = 251658240                              {pd product} {ergonomic}
     bool SegmentedCodeCache                       = true                                      {product} {ergonomic}
   size_t SoftMaxHeapSize                          = 2147483648                             {manageable} {ergonomic}
     bool UseCompressedOops                        = true                           {product lp64_product} {ergonomic}
     bool UseLargePagesIndividualAllocation        = false                                  {pd product} {ergonomic}
     bool UseParallelGC                            = true                                      {product} {command line}

Logging:
Log output configuration:
 #0: stdout all=off uptime,level,tags foldmultilines=false
 #1: stderr all=off uptime,level,tags foldmultilines=false

Environment Variables:
JAVA_HOME=C:\Program Files\Eclipse Adoptium\jre-8.0.432.6-hotspot\
PATH=C:\Program Files\Eclipse Adoptium\jre-17.0.8.101-hotspot\bin;C:\Program Files\Common Files\Oracle\Java\javapath;C:\Program Files\Eclipse Adoptium\jdk-21.0.7.6-hotspot\bin;C:\Program Files\Eclipse Adoptium\jre-8.0.432.6-hotspot\bin;C:\WINDOWS\system32;C:\WINDOWS;C:\WINDOWS\System32\Wbem;C:\WINDOWS\System32\WindowsPowerShell\v1.0\;C:\WINDOWS\System32\OpenSSH\;C:\Program Files\Git\cmd;C:\Program Files\dotnet\;C:\Program Files\Docker\Docker\resources\bin;C:\Program Files\nodejs\;C:\ProgramData\chocolatey\bin;C:\Users\levia\AppData\Local\Programs\Python\Python313\Scripts\;C:\Users\levia\AppData\Local\Programs\Python\Python313\;C:\Users\levia\AppData\Local\Microsoft\WindowsApps;;C:\Program Files\JetBrains\IntelliJ IDEA 2024.2.4\bin;;C:\Users\levia\.dotnet\tools;C:\Program Files\JetBrains\PyCharm 2024.2.4\bin;;C:\Users\levia\.lmstudio\bin;C:\Users\levia\AppData\Roaming\npm;C:\Users\levia\AppData\Local\Programs\Microsoft VS Code\bin;F:\Nmap
USERNAME=levia
OS=Windows_NT
PROCESSOR_IDENTIFIER=AMD64 Family 25 Model 80 Stepping 0, AuthenticAMD
TMP=C:\Users\levia\AppData\Local\Temp
TEMP=C:\Users\levia\AppData\Local\Temp




Periodic native trim disabled

---------------  S Y S T E M  ---------------

OS:
 Windows 11 , 64 bit Build 26100 (10.0.26100.4768)
OS uptime: 0 days 3:40 hours
Hyper-V role detected

CPU: total 16 (initial active 16) (16 cores per cpu, 2 threads per core) family 25 model 80 stepping 0 microcode 0xa500011, cx8, cmov, fxsr, ht, mmx, 3dnowpref, sse, sse2, sse3, ssse3, sse4a, sse4.1, sse4.2, popcnt, lzcnt, tsc, tscinvbit, avx, avx2, aes, erms, clmul, bmi1, bmi2, adx, sha, fma, vzeroupper, clflush, clflushopt, hv, rdtscp, rdpid, fsrm, f16c, cet_ss
Processor Information for the first 16 processors :
  Max Mhz: 3801, Current Mhz: 3801, Mhz Limit: 3801

Memory: 4k page, system-wide physical 12154M (1377M free)
TotalPageFile size 20154M (AvailPageFile size 192M)
current process WorkingSet (physical memory assigned to process): 25M, peak: 25M
current process commit charge ("private bytes"): 196M, peak: 197M

vm_info: OpenJDK 64-Bit Server VM (21.0.8+9-LTS) for windows-amd64 JRE (21.0.8+9-LTS), built on 2025-07-15T00:00:00Z by "admin" with MS VC++ 17.7 (VS2022)

END.
